{
  "RSpec": {
    "coverage": {
      "C:/Users/jlims/code/wdi/robot_factory/spec/robot_spec.rb": [
        1,
        null,
        1,
        1,
        1,
        1,
        1,
        null,
        null,
        null,
        null,
        1,
        1,
        1,
        1,
        0,
        null,
        null,
        null,
        null
      ],
      "C:/Users/jlims/code/wdi/robot_factory/robot.rb": [
        1,
        1,
        1,
        2,
        null,
        null
      ]
    },
    "timestamp": 1493177336
  }
}
